Arguments: 
  /Users/t0nylombardi/.asdf/installs/nodejs/18.7.0/bin/node /Users/t0nylombardi/.asdf/installs/nodejs/18.7.0/.npm/bin/yarn create newblog

PATH: 
  /Users/t0nylombardi/.asdf/plugins/nodejs/shims:/Users/t0nylombardi/.asdf/installs/nodejs/18.7.0/.npm/bin:/Users/t0nylombardi/.asdf/installs/nodejs/18.7.0/bin:/Users/t0nylombardi/.asdf/shims:/usr/local/opt/asdf/libexec/bin:/usr/local/bin:/usr/bin:/bin:/usr/sbin:/sbin

Yarn version: 
  1.22.19

Node version: 
  18.7.0

Platform: 
  darwin x64

Trace: 
  Error: https://registry.yarnpkg.com/create-newblog: Not found
      at params.callback [as _callback] (/Users/t0nylombardi/.asdf/installs/nodejs/18.7.0/.npm/lib/node_modules/yarn/lib/cli.js:66145:18)
      at self.callback (/Users/t0nylombardi/.asdf/installs/nodejs/18.7.0/.npm/lib/node_modules/yarn/lib/cli.js:140890:22)
      at Request.emit (node:events:513:28)
      at Request.<anonymous> (/Users/t0nylombardi/.asdf/installs/nodejs/18.7.0/.npm/lib/node_modules/yarn/lib/cli.js:141862:10)
      at Request.emit (node:events:513:28)
      at IncomingMessage.<anonymous> (/Users/t0nylombardi/.asdf/installs/nodejs/18.7.0/.npm/lib/node_modules/yarn/lib/cli.js:141784:12)
      at Object.onceWrapper (node:events:627:28)
      at IncomingMessage.emit (node:events:525:35)
      at endReadableNT (node:internal/streams/readable:1359:12)
      at process.processTicksAndRejections (node:internal/process/task_queues:82:21)

npm manifest: 
  No manifest

yarn manifest: 
  No manifest

Lockfile: 
  No lockfile
